[INFO ] 2022-11-29 07:04:23.811 [main] BaseTest - ********* Automation Execution Started **********
[INFO ] 2022-11-29 07:04:23.825 [main] BaseTest - BEFORE SUIT: Getting Data from Sheet and setting Keys.....
[INFO ] 2022-11-29 07:04:25.960 [main] BaseTest - BEFORE METHOD: Setup Driver and Implicit Wait.....
[INFO ] 2022-11-29 07:04:31.274 [main] BaseTest - BEFORE METHOD: Setup Driver and Implicit Wait.....
[INFO ] 2022-11-29 07:04:34.051 [main] BaseTest - BEFORE METHOD: Setup Driver and Implicit Wait.....
[INFO ] 2022-11-29 07:04:38.627 [main] BaseTest - BEFORE METHOD: Setup Driver and Implicit Wait.....
[INFO ] 2022-11-29 07:04:42.448 [main] BaseTest - BEFORE METHOD: Setup Driver and Implicit Wait.....
[INFO ] 2022-11-29 07:04:46.529 [main] BaseTest - ********* Automation Execution Completed **********
[INFO ] 2022-11-29 07:04:47.955 [main] BaseTest - AFTER METHOD: Quit Driver and Destroy Driver Thread.....
[INFO ] 2022-11-29 07:06:59.531 [main] BaseTest - ********* Automation Execution Started **********
[INFO ] 2022-11-29 07:06:59.537 [main] BaseTest - BEFORE SUIT: Getting Data from Sheet and setting Keys.....
[INFO ] 2022-11-29 07:07:01.288 [main] BaseTest - BEFORE METHOD: Setup Driver and Implicit Wait.....
[INFO ] 2022-11-29 07:07:04.770 [main] BaseTest - AFTER SUITE: Quit Driver and Destroy Driver Thread.....
[INFO ] 2022-11-29 07:07:04.907 [main] BaseTest - BEFORE METHOD: Setup Driver and Implicit Wait.....
[INFO ] 2022-11-29 07:07:06.542 [main] BaseTest - AFTER SUITE: Quit Driver and Destroy Driver Thread.....
[INFO ] 2022-11-29 07:07:06.655 [main] BaseTest - BEFORE METHOD: Setup Driver and Implicit Wait.....
[INFO ] 2022-11-29 07:07:12.528 [main] BaseTest - AFTER SUITE: Quit Driver and Destroy Driver Thread.....
[INFO ] 2022-11-29 07:07:12.641 [main] BaseTest - BEFORE METHOD: Setup Driver and Implicit Wait.....
[INFO ] 2022-11-29 07:07:15.862 [main] BaseTest - AFTER SUITE: Quit Driver and Destroy Driver Thread.....
[INFO ] 2022-11-29 07:07:15.979 [main] BaseTest - BEFORE METHOD: Setup Driver and Implicit Wait.....
[INFO ] 2022-11-29 07:07:22.950 [main] BaseTest - AFTER SUITE: Quit Driver and Destroy Driver Thread.....
[INFO ] 2022-11-29 07:07:23.109 [main] BaseTest - ********* Automation Execution Completed **********
[INFO ] 2022-11-29 07:08:10.190 [main] BaseTest - ********* Automation Execution Started **********
[INFO ] 2022-11-29 07:08:10.199 [main] BaseTest - BEFORE SUIT: Getting Data from Sheet and setting Keys.....
[INFO ] 2022-11-29 07:08:12.259 [TestNG-test=Parallel Tests-1] BaseTest - BEFORE METHOD: Setup Driver and Implicit Wait.....
[INFO ] 2022-11-29 07:08:12.258 [TestNG-test=Parallel Tests-2] BaseTest - BEFORE METHOD: Setup Driver and Implicit Wait.....
[INFO ] 2022-11-29 07:08:15.970 [TestNG-test=Parallel Tests-1] BaseTest - AFTER SUITE: Quit Driver and Destroy Driver Thread.....
[INFO ] 2022-11-29 07:08:16.091 [TestNG-test=Parallel Tests-1] BaseTest - BEFORE METHOD: Setup Driver and Implicit Wait.....
[INFO ] 2022-11-29 07:08:18.022 [TestNG-test=Parallel Tests-2] BaseTest - AFTER SUITE: Quit Driver and Destroy Driver Thread.....
[INFO ] 2022-11-29 07:08:20.728 [TestNG-test=Parallel Tests-1] BaseTest - AFTER SUITE: Quit Driver and Destroy Driver Thread.....
[INFO ] 2022-11-29 07:08:20.891 [TestNG-test=Parallel Tests-1] BaseTest - BEFORE METHOD: Setup Driver and Implicit Wait.....
[INFO ] 2022-11-29 07:08:27.037 [TestNG-test=Parallel Tests-1] BaseTest - AFTER SUITE: Quit Driver and Destroy Driver Thread.....
[INFO ] 2022-11-29 07:08:27.203 [main] BaseTest - ********* Automation Execution Completed **********
[INFO ] 2022-11-29 07:08:41.060 [main] BaseTest - ********* Automation Execution Started **********
[INFO ] 2022-11-29 07:08:41.070 [main] BaseTest - BEFORE SUIT: Getting Data from Sheet and setting Keys.....
[INFO ] 2022-11-29 07:08:42.775 [TestNG-test=Parallel Tests 1-3] BaseTest - BEFORE METHOD: Setup Driver and Implicit Wait.....
[INFO ] 2022-11-29 07:08:42.776 [TestNG-test=Parallel Tests 1-1] BaseTest - BEFORE METHOD: Setup Driver and Implicit Wait.....
[INFO ] 2022-11-29 07:08:42.776 [TestNG-test=Parallel Tests 1-2] BaseTest - BEFORE METHOD: Setup Driver and Implicit Wait.....
[INFO ] 2022-11-29 07:08:46.676 [TestNG-test=Parallel Tests 1-1] BaseTest - AFTER SUITE: Quit Driver and Destroy Driver Thread.....
[INFO ] 2022-11-29 07:08:46.806 [TestNG-test=Parallel Tests 1-1] BaseTest - BEFORE METHOD: Setup Driver and Implicit Wait.....
[INFO ] 2022-11-29 07:08:47.171 [TestNG-test=Parallel Tests 1-2] BaseTest - AFTER SUITE: Quit Driver and Destroy Driver Thread.....
[INFO ] 2022-11-29 07:08:47.315 [TestNG-test=Parallel Tests 1-2] BaseTest - BEFORE METHOD: Setup Driver and Implicit Wait.....
[INFO ] 2022-11-29 07:08:49.890 [TestNG-test=Parallel Tests 1-3] BaseTest - AFTER SUITE: Quit Driver and Destroy Driver Thread.....
[INFO ] 2022-11-29 07:08:50.019 [TestNG-test=Parallel Tests 1-3] BaseTest - BEFORE METHOD: Setup Driver and Implicit Wait.....
[INFO ] 2022-11-29 07:08:50.629 [TestNG-test=Parallel Tests 1-1] BaseTest - AFTER SUITE: Quit Driver and Destroy Driver Thread.....
[INFO ] 2022-11-29 07:08:50.746 [TestNG-test=Parallel Tests 1-1] BaseTest - BEFORE METHOD: Setup Driver and Implicit Wait.....
[INFO ] 2022-11-29 07:08:52.690 [TestNG-test=Parallel Tests 1-3] BaseTest - AFTER SUITE: Quit Driver and Destroy Driver Thread.....
[INFO ] 2022-11-29 07:08:52.804 [TestNG-test=Parallel Tests 1-3] BaseTest - BEFORE METHOD: Setup Driver and Implicit Wait.....
[INFO ] 2022-11-29 07:08:54.161 [TestNG-test=Parallel Tests 1-2] BaseTest - AFTER SUITE: Quit Driver and Destroy Driver Thread.....
[INFO ] 2022-11-29 07:08:54.330 [TestNG-test=Parallel Tests 1-2] BaseTest - BEFORE METHOD: Setup Driver and Implicit Wait.....
[INFO ] 2022-11-29 07:08:54.378 [TestNG-test=Parallel Tests 1-1] BaseTest - AFTER SUITE: Quit Driver and Destroy Driver Thread.....
[INFO ] 2022-11-29 07:08:54.559 [TestNG-test=Parallel Tests 1-1] BaseTest - BEFORE METHOD: Setup Driver and Implicit Wait.....
[INFO ] 2022-11-29 07:08:57.808 [TestNG-test=Parallel Tests 1-3] BaseTest - AFTER SUITE: Quit Driver and Destroy Driver Thread.....
[INFO ] 2022-11-29 07:08:57.932 [TestNG-test=Parallel Tests 1-3] BaseTest - BEFORE METHOD: Setup Driver and Implicit Wait.....
[INFO ] 2022-11-29 07:08:58.735 [TestNG-test=Parallel Tests 1-1] BaseTest - AFTER SUITE: Quit Driver and Destroy Driver Thread.....
[INFO ] 2022-11-29 07:09:00.550 [TestNG-test=Parallel Tests 1-2] BaseTest - AFTER SUITE: Quit Driver and Destroy Driver Thread.....
[INFO ] 2022-11-29 07:09:03.993 [TestNG-test=Parallel Tests 1-3] BaseTest - AFTER SUITE: Quit Driver and Destroy Driver Thread.....
[INFO ] 2022-11-29 07:09:04.154 [main] BaseTest - ********* Automation Execution Completed **********
[INFO ] 2022-11-29 07:09:04.747 [main] BaseTest - ********* Automation Execution Started **********
[INFO ] 2022-11-29 07:09:04.747 [main] BaseTest - BEFORE SUIT: Getting Data from Sheet and setting Keys.....
[INFO ] 2022-11-29 07:09:05.387 [TestNG-test=Parallel Tests 2-2] BaseTest - BEFORE METHOD: Setup Driver and Implicit Wait.....
[INFO ] 2022-11-29 07:09:05.387 [TestNG-test=Parallel Tests 2-1] BaseTest - BEFORE METHOD: Setup Driver and Implicit Wait.....
[INFO ] 2022-11-29 07:09:05.387 [TestNG-test=Parallel Tests 2-3] BaseTest - BEFORE METHOD: Setup Driver and Implicit Wait.....
[INFO ] 2022-11-29 07:09:07.912 [TestNG-test=Parallel Tests 2-1] BaseTest - AFTER SUITE: Quit Driver and Destroy Driver Thread.....
[INFO ] 2022-11-29 07:09:08.022 [TestNG-test=Parallel Tests 2-1] BaseTest - BEFORE METHOD: Setup Driver and Implicit Wait.....
[INFO ] 2022-11-29 07:09:08.546 [TestNG-test=Parallel Tests 2-2] BaseTest - AFTER SUITE: Quit Driver and Destroy Driver Thread.....
[INFO ] 2022-11-29 07:09:08.683 [TestNG-test=Parallel Tests 2-2] BaseTest - BEFORE METHOD: Setup Driver and Implicit Wait.....
[INFO ] 2022-11-29 07:09:11.384 [TestNG-test=Parallel Tests 2-3] BaseTest - AFTER SUITE: Quit Driver and Destroy Driver Thread.....
[INFO ] 2022-11-29 07:09:11.519 [TestNG-test=Parallel Tests 2-3] BaseTest - BEFORE METHOD: Setup Driver and Implicit Wait.....
[INFO ] 2022-11-29 07:09:12.073 [TestNG-test=Parallel Tests 2-1] BaseTest - AFTER SUITE: Quit Driver and Destroy Driver Thread.....
[INFO ] 2022-11-29 07:09:12.195 [TestNG-test=Parallel Tests 2-1] BaseTest - BEFORE METHOD: Setup Driver and Implicit Wait.....
[INFO ] 2022-11-29 07:09:13.868 [TestNG-test=Parallel Tests 2-3] BaseTest - AFTER SUITE: Quit Driver and Destroy Driver Thread.....
[INFO ] 2022-11-29 07:09:14.078 [TestNG-test=Parallel Tests 2-3] BaseTest - BEFORE METHOD: Setup Driver and Implicit Wait.....
[INFO ] 2022-11-29 07:09:15.054 [TestNG-test=Parallel Tests 2-1] BaseTest - AFTER SUITE: Quit Driver and Destroy Driver Thread.....
[INFO ] 2022-11-29 07:09:15.162 [TestNG-test=Parallel Tests 2-1] BaseTest - BEFORE METHOD: Setup Driver and Implicit Wait.....
[INFO ] 2022-11-29 07:09:17.096 [TestNG-test=Parallel Tests 2-2] BaseTest - AFTER SUITE: Quit Driver and Destroy Driver Thread.....
[INFO ] 2022-11-29 07:09:17.236 [TestNG-test=Parallel Tests 2-2] BaseTest - BEFORE METHOD: Setup Driver and Implicit Wait.....
[INFO ] 2022-11-29 07:09:19.318 [TestNG-test=Parallel Tests 2-3] BaseTest - AFTER SUITE: Quit Driver and Destroy Driver Thread.....
[INFO ] 2022-11-29 07:09:19.437 [TestNG-test=Parallel Tests 2-3] BaseTest - BEFORE METHOD: Setup Driver and Implicit Wait.....
[INFO ] 2022-11-29 07:09:21.136 [TestNG-test=Parallel Tests 2-2] BaseTest - AFTER SUITE: Quit Driver and Destroy Driver Thread.....
[INFO ] 2022-11-29 07:09:21.290 [TestNG-test=Parallel Tests 2-1] BaseTest - AFTER SUITE: Quit Driver and Destroy Driver Thread.....
[INFO ] 2022-11-29 07:09:25.166 [TestNG-test=Parallel Tests 2-3] BaseTest - AFTER SUITE: Quit Driver and Destroy Driver Thread.....
[INFO ] 2022-11-29 07:09:25.334 [main] BaseTest - ********* Automation Execution Completed **********
[INFO ] 2022-11-29 07:09:25.407 [main] BaseTest - ********* Automation Execution Started **********
[INFO ] 2022-11-29 07:09:25.408 [main] BaseTest - BEFORE SUIT: Getting Data from Sheet and setting Keys.....
[INFO ] 2022-11-29 07:09:25.962 [TestNG-test=Pkg EG.-1] BaseTest - BEFORE METHOD: Setup Driver and Implicit Wait.....
[INFO ] 2022-11-29 07:09:25.962 [TestNG-test=Pkg EG.-2] BaseTest - BEFORE METHOD: Setup Driver and Implicit Wait.....
[INFO ] 2022-11-29 07:09:25.962 [TestNG-test=Pkg EG.-3] BaseTest - BEFORE METHOD: Setup Driver and Implicit Wait.....
[INFO ] 2022-11-29 07:09:28.271 [TestNG-test=Pkg EG.-1] BaseTest - AFTER SUITE: Quit Driver and Destroy Driver Thread.....
[INFO ] 2022-11-29 07:09:28.377 [TestNG-test=Pkg EG.-1] BaseTest - BEFORE METHOD: Setup Driver and Implicit Wait.....
[INFO ] 2022-11-29 07:09:28.875 [TestNG-test=Pkg EG.-2] BaseTest - AFTER SUITE: Quit Driver and Destroy Driver Thread.....
[INFO ] 2022-11-29 07:09:29.008 [TestNG-test=Pkg EG.-2] BaseTest - BEFORE METHOD: Setup Driver and Implicit Wait.....
[INFO ] 2022-11-29 07:09:30.737 [TestNG-test=Pkg EG.-3] BaseTest - AFTER SUITE: Quit Driver and Destroy Driver Thread.....
[INFO ] 2022-11-29 07:09:30.844 [TestNG-test=Pkg EG.-3] BaseTest - BEFORE METHOD: Setup Driver and Implicit Wait.....
[INFO ] 2022-11-29 07:09:32.492 [TestNG-test=Pkg EG.-1] BaseTest - AFTER SUITE: Quit Driver and Destroy Driver Thread.....
[INFO ] 2022-11-29 07:09:32.617 [TestNG-test=Pkg EG.-1] BaseTest - BEFORE METHOD: Setup Driver and Implicit Wait.....
[INFO ] 2022-11-29 07:09:35.860 [TestNG-test=Pkg EG.-1] BaseTest - AFTER SUITE: Quit Driver and Destroy Driver Thread.....
[INFO ] 2022-11-29 07:09:36.017 [TestNG-test=Pkg EG.-1] BaseTest - BEFORE METHOD: Setup Driver and Implicit Wait.....
[INFO ] 2022-11-29 07:09:36.127 [TestNG-test=Pkg EG.-2] BaseTest - AFTER SUITE: Quit Driver and Destroy Driver Thread.....
[INFO ] 2022-11-29 07:09:36.293 [TestNG-test=Pkg EG.-2] BaseTest - BEFORE METHOD: Setup Driver and Implicit Wait.....
[INFO ] 2022-11-29 07:09:38.895 [TestNG-test=Pkg EG.-3] BaseTest - AFTER SUITE: Quit Driver and Destroy Driver Thread.....
[INFO ] 2022-11-29 07:09:39.056 [TestNG-test=Pkg EG.-3] BaseTest - BEFORE METHOD: Setup Driver and Implicit Wait.....
[INFO ] 2022-11-29 07:09:39.138 [TestNG-test=Pkg EG.-1] BaseTest - AFTER SUITE: Quit Driver and Destroy Driver Thread.....
[INFO ] 2022-11-29 07:09:39.245 [TestNG-test=Pkg EG.-1] BaseTest - BEFORE METHOD: Setup Driver and Implicit Wait.....
[INFO ] 2022-11-29 07:09:41.512 [TestNG-test=Pkg EG.-2] BaseTest - AFTER SUITE: Quit Driver and Destroy Driver Thread.....
[INFO ] 2022-11-29 07:09:43.421 [TestNG-test=Pkg EG.-1] BaseTest - AFTER SUITE: Quit Driver and Destroy Driver Thread.....
[INFO ] 2022-11-29 07:09:45.085 [TestNG-test=Pkg EG.-3] BaseTest - AFTER SUITE: Quit Driver and Destroy Driver Thread.....
[INFO ] 2022-11-29 07:09:45.244 [main] BaseTest - ********* Automation Execution Completed **********
