[INFO ] 2022-10-20 23:36:57.099 [main] BaseTest - ********* Automation Execution Started **********
[INFO ] 2022-10-20 23:36:57.105 [main] BaseTest - BEFORE SUIT: Getting Data from Sheet and setting Keys.....
[INFO ] 2022-10-20 23:36:59.901 [main] BaseTest - BEFORE METHOD: Setup Driver and Implicit Wait.....
[INFO ] 2022-10-20 23:37:05.204 [main] BaseTest - AFTER METHOD: Quit Driver and Destroy Driver Thread.....
[INFO ] 2022-10-20 23:37:05.962 [main] BaseTest - ********* Automation Execution Completed **********
[INFO ] 2022-10-20 23:39:36.327 [main] BaseTest - ********* Automation Execution Started **********
[INFO ] 2022-10-20 23:39:36.333 [main] BaseTest - BEFORE SUIT: Getting Data from Sheet and setting Keys.....
[INFO ] 2022-10-20 23:39:38.062 [main] BaseTest - BEFORE METHOD: Setup Driver and Implicit Wait.....
[INFO ] 2022-10-20 23:39:41.537 [main] BaseTest - AFTER METHOD: Quit Driver and Destroy Driver Thread.....
[INFO ] 2022-10-20 23:39:42.210 [main] BaseTest - ********* Automation Execution Completed **********
[INFO ] 2022-10-20 23:54:59.868 [main] BaseTest - ********* Automation Execution Started **********
[INFO ] 2022-10-20 23:54:59.883 [main] BaseTest - BEFORE SUIT: Getting Data from Sheet and setting Keys.....
[INFO ] 2022-10-20 23:55:01.424 [main] BaseTest - BEFORE METHOD: Setup Driver and Implicit Wait.....
[INFO ] 2022-10-20 23:55:06.179 [main] BaseTest - AFTER METHOD: Quit Driver and Destroy Driver Thread.....
[INFO ] 2022-10-20 23:55:06.296 [main] BaseTest - BEFORE METHOD: Setup Driver and Implicit Wait.....
[INFO ] 2022-10-20 23:55:07.978 [main] BaseTest - AFTER METHOD: Quit Driver and Destroy Driver Thread.....
[INFO ] 2022-10-20 23:55:08.090 [main] BaseTest - BEFORE METHOD: Setup Driver and Implicit Wait.....
[INFO ] 2022-10-20 23:55:10.731 [main] BaseTest - AFTER METHOD: Quit Driver and Destroy Driver Thread.....
[INFO ] 2022-10-20 23:55:10.878 [main] BaseTest - BEFORE METHOD: Setup Driver and Implicit Wait.....
[INFO ] 2022-10-20 23:55:15.794 [main] BaseTest - AFTER METHOD: Quit Driver and Destroy Driver Thread.....
[INFO ] 2022-10-20 23:55:15.908 [main] BaseTest - BEFORE METHOD: Setup Driver and Implicit Wait.....
[INFO ] 2022-10-20 23:55:27.189 [main] BaseTest - ********* Automation Execution Started **********
[INFO ] 2022-10-20 23:55:27.195 [main] BaseTest - BEFORE SUIT: Getting Data from Sheet and setting Keys.....
[INFO ] 2022-10-20 23:55:28.754 [TestNG-test=Parallel Tests-1] BaseTest - BEFORE METHOD: Setup Driver and Implicit Wait.....
[INFO ] 2022-10-20 23:55:28.753 [TestNG-test=Parallel Tests-2] BaseTest - BEFORE METHOD: Setup Driver and Implicit Wait.....
[INFO ] 2022-10-20 23:55:33.381 [TestNG-test=Parallel Tests-1] BaseTest - AFTER METHOD: Quit Driver and Destroy Driver Thread.....
[INFO ] 2022-10-20 23:55:33.524 [TestNG-test=Parallel Tests-1] BaseTest - BEFORE METHOD: Setup Driver and Implicit Wait.....
[INFO ] 2022-10-20 23:55:35.507 [TestNG-test=Parallel Tests-2] BaseTest - AFTER METHOD: Quit Driver and Destroy Driver Thread.....
[INFO ] 2022-10-20 23:55:35.617 [TestNG-test=Parallel Tests-2] BaseTest - BEFORE METHOD: Setup Driver and Implicit Wait.....
[INFO ] 2022-10-20 23:55:37.753 [TestNG-test=Parallel Tests-2] BaseTest - AFTER METHOD: Quit Driver and Destroy Driver Thread.....
[INFO ] 2022-10-20 23:55:37.865 [TestNG-test=Parallel Tests-2] BaseTest - BEFORE METHOD: Setup Driver and Implicit Wait.....
[INFO ] 2022-10-20 23:55:41.087 [TestNG-test=Parallel Tests-2] BaseTest - AFTER METHOD: Quit Driver and Destroy Driver Thread.....
[INFO ] 2022-10-20 23:55:41.258 [TestNG-test=Parallel Tests-2] BaseTest - BEFORE METHOD: Setup Driver and Implicit Wait.....
[INFO ] 2022-10-20 23:55:41.576 [TestNG-test=Parallel Tests-1] BaseTest - AFTER METHOD: Quit Driver and Destroy Driver Thread.....
[INFO ] 2022-10-20 23:55:41.841 [TestNG-test=Parallel Tests-1] BaseTest - BEFORE METHOD: Setup Driver and Implicit Wait.....
[INFO ] 2022-10-20 23:55:45.346 [TestNG-test=Parallel Tests-2] BaseTest - AFTER METHOD: Quit Driver and Destroy Driver Thread.....
[INFO ] 2022-10-20 23:55:46.040 [TestNG-test=Parallel Tests-1] BaseTest - AFTER METHOD: Quit Driver and Destroy Driver Thread.....
[INFO ] 2022-10-20 23:55:47.029 [main] BaseTest - ********* Automation Execution Completed **********
