[INFO ] 2022-10-22 00:00:38.358 [main] BaseTest - ********* Automation Execution Started **********
[INFO ] 2022-10-22 00:00:38.369 [main] BaseTest - BEFORE SUIT: Getting Data from Sheet and setting Keys.....
[INFO ] 2022-10-22 00:00:39.865 [main] BaseTest - BEFORE METHOD: Setup Driver and Implicit Wait.....
[INFO ] 2022-10-22 00:00:42.925 [main] BaseTest - AFTER METHOD: Quit Driver and Destroy Driver Thread.....
[INFO ] 2022-10-22 00:00:43.051 [main] BaseTest - BEFORE METHOD: Setup Driver and Implicit Wait.....
[INFO ] 2022-10-22 00:00:45.701 [main] BaseTest - AFTER METHOD: Quit Driver and Destroy Driver Thread.....
[INFO ] 2022-10-22 00:00:45.816 [main] BaseTest - BEFORE METHOD: Setup Driver and Implicit Wait.....
[INFO ] 2022-10-22 00:00:48.273 [main] BaseTest - AFTER METHOD: Quit Driver and Destroy Driver Thread.....
[INFO ] 2022-10-22 00:00:48.388 [main] BaseTest - BEFORE METHOD: Setup Driver and Implicit Wait.....
[INFO ] 2022-10-22 00:00:51.839 [main] BaseTest - AFTER METHOD: Quit Driver and Destroy Driver Thread.....
[INFO ] 2022-10-22 00:00:51.960 [main] BaseTest - BEFORE METHOD: Setup Driver and Implicit Wait.....
[INFO ] 2022-10-22 00:00:56.467 [main] BaseTest - AFTER METHOD: Quit Driver and Destroy Driver Thread.....
[INFO ] 2022-10-22 00:00:56.628 [main] BaseTest - BEFORE METHOD: Setup Driver and Implicit Wait.....
[INFO ] 2022-10-22 00:00:58.100 [main] BaseTest - AFTER METHOD: Quit Driver and Destroy Driver Thread.....
[INFO ] 2022-10-22 00:00:58.213 [main] BaseTest - BEFORE METHOD: Setup Driver and Implicit Wait.....
[INFO ] 2022-10-22 00:01:00.391 [main] BaseTest - AFTER METHOD: Quit Driver and Destroy Driver Thread.....
[INFO ] 2022-10-22 00:01:00.501 [main] BaseTest - BEFORE METHOD: Setup Driver and Implicit Wait.....
[INFO ] 2022-10-22 00:01:02.926 [main] BaseTest - AFTER METHOD: Quit Driver and Destroy Driver Thread.....
[INFO ] 2022-10-22 00:01:03.043 [main] BaseTest - BEFORE METHOD: Setup Driver and Implicit Wait.....
[INFO ] 2022-10-22 00:01:07.746 [main] BaseTest - AFTER METHOD: Quit Driver and Destroy Driver Thread.....
[INFO ] 2022-10-22 00:01:07.912 [main] BaseTest - BEFORE METHOD: Setup Driver and Implicit Wait.....
[INFO ] 2022-10-22 00:01:11.145 [main] BaseTest - AFTER METHOD: Quit Driver and Destroy Driver Thread.....
[INFO ] 2022-10-22 00:01:11.259 [main] BaseTest - BEFORE METHOD: Setup Driver and Implicit Wait.....
[INFO ] 2022-10-22 00:01:15.679 [main] BaseTest - AFTER METHOD: Quit Driver and Destroy Driver Thread.....
[INFO ] 2022-10-22 00:01:16.815 [main] BaseTest - ********* Automation Execution Completed **********
[INFO ] 2022-10-22 00:04:10.808 [main] BaseTest - ********* Automation Execution Started **********
[INFO ] 2022-10-22 00:04:10.813 [main] BaseTest - BEFORE SUIT: Getting Data from Sheet and setting Keys.....
[INFO ] 2022-10-22 00:04:12.329 [TestNG-test=Parallel Tests-2] BaseTest - BEFORE METHOD: Setup Driver and Implicit Wait.....
[INFO ] 2022-10-22 00:04:12.329 [TestNG-test=Parallel Tests-1] BaseTest - BEFORE METHOD: Setup Driver and Implicit Wait.....
[INFO ] 2022-10-22 00:04:18.724 [TestNG-test=Parallel Tests-1] BaseTest - AFTER METHOD: Quit Driver and Destroy Driver Thread.....
[INFO ] 2022-10-22 00:04:18.841 [TestNG-test=Parallel Tests-1] BaseTest - BEFORE METHOD: Setup Driver and Implicit Wait.....
[INFO ] 2022-10-22 00:04:19.547 [TestNG-test=Parallel Tests-2] BaseTest - AFTER METHOD: Quit Driver and Destroy Driver Thread.....
[INFO ] 2022-10-22 00:04:19.711 [TestNG-test=Parallel Tests-2] BaseTest - BEFORE METHOD: Setup Driver and Implicit Wait.....
[INFO ] 2022-10-22 00:04:21.301 [TestNG-test=Parallel Tests-2] BaseTest - AFTER METHOD: Quit Driver and Destroy Driver Thread.....
[INFO ] 2022-10-22 00:04:21.411 [TestNG-test=Parallel Tests-2] BaseTest - BEFORE METHOD: Setup Driver and Implicit Wait.....
[INFO ] 2022-10-22 00:04:24.112 [TestNG-test=Parallel Tests-1] BaseTest - AFTER METHOD: Quit Driver and Destroy Driver Thread.....
[INFO ] 2022-10-22 00:04:24.270 [TestNG-test=Parallel Tests-1] BaseTest - BEFORE METHOD: Setup Driver and Implicit Wait.....
[INFO ] 2022-10-22 00:04:24.676 [TestNG-test=Parallel Tests-2] BaseTest - AFTER METHOD: Quit Driver and Destroy Driver Thread.....
[INFO ] 2022-10-22 00:04:24.870 [TestNG-test=Parallel Tests-2] BaseTest - BEFORE METHOD: Setup Driver and Implicit Wait.....
[INFO ] 2022-10-22 00:04:27.411 [TestNG-test=Parallel Tests-1] BaseTest - AFTER METHOD: Quit Driver and Destroy Driver Thread.....
[INFO ] 2022-10-22 00:04:28.819 [TestNG-test=Parallel Tests-2] BaseTest - AFTER METHOD: Quit Driver and Destroy Driver Thread.....
[INFO ] 2022-10-22 00:04:30.057 [main] BaseTest - ********* Automation Execution Completed **********
[INFO ] 2022-10-22 00:04:30.063 [main] BaseTest - ********* Automation Execution Started **********
[INFO ] 2022-10-22 00:04:30.063 [main] BaseTest - BEFORE SUIT: Getting Data from Sheet and setting Keys.....
[INFO ] 2022-10-22 00:04:30.724 [TestNG-test=Parallel Tests 1-2] BaseTest - BEFORE METHOD: Setup Driver and Implicit Wait.....
[INFO ] 2022-10-22 00:04:30.724 [TestNG-test=Parallel Tests 1-1] BaseTest - BEFORE METHOD: Setup Driver and Implicit Wait.....
[INFO ] 2022-10-22 00:04:30.724 [TestNG-test=Parallel Tests 1-3] BaseTest - BEFORE METHOD: Setup Driver and Implicit Wait.....
[INFO ] 2022-10-22 00:04:32.914 [TestNG-test=Parallel Tests 1-1] BaseTest - AFTER METHOD: Quit Driver and Destroy Driver Thread.....
[INFO ] 2022-10-22 00:04:33.019 [TestNG-test=Parallel Tests 1-1] BaseTest - BEFORE METHOD: Setup Driver and Implicit Wait.....
[INFO ] 2022-10-22 00:04:33.965 [TestNG-test=Parallel Tests 1-2] BaseTest - AFTER METHOD: Quit Driver and Destroy Driver Thread.....
[INFO ] 2022-10-22 00:04:34.072 [TestNG-test=Parallel Tests 1-2] BaseTest - BEFORE METHOD: Setup Driver and Implicit Wait.....
[INFO ] 2022-10-22 00:04:35.928 [TestNG-test=Parallel Tests 1-3] BaseTest - AFTER METHOD: Quit Driver and Destroy Driver Thread.....
[INFO ] 2022-10-22 00:04:36.037 [TestNG-test=Parallel Tests 1-3] BaseTest - BEFORE METHOD: Setup Driver and Implicit Wait.....
[INFO ] 2022-10-22 00:04:37.266 [TestNG-test=Parallel Tests 1-1] BaseTest - AFTER METHOD: Quit Driver and Destroy Driver Thread.....
[INFO ] 2022-10-22 00:04:37.385 [TestNG-test=Parallel Tests 1-1] BaseTest - BEFORE METHOD: Setup Driver and Implicit Wait.....
[INFO ] 2022-10-22 00:04:38.082 [TestNG-test=Parallel Tests 1-3] BaseTest - AFTER METHOD: Quit Driver and Destroy Driver Thread.....
[INFO ] 2022-10-22 00:04:38.187 [TestNG-test=Parallel Tests 1-3] BaseTest - BEFORE METHOD: Setup Driver and Implicit Wait.....
[INFO ] 2022-10-22 00:04:41.130 [TestNG-test=Parallel Tests 1-2] BaseTest - AFTER METHOD: Quit Driver and Destroy Driver Thread.....
[INFO ] 2022-10-22 00:04:41.292 [TestNG-test=Parallel Tests 1-2] BaseTest - BEFORE METHOD: Setup Driver and Implicit Wait.....
[INFO ] 2022-10-22 00:04:41.533 [TestNG-test=Parallel Tests 1-1] BaseTest - AFTER METHOD: Quit Driver and Destroy Driver Thread.....
[INFO ] 2022-10-22 00:04:41.810 [TestNG-test=Parallel Tests 1-1] BaseTest - BEFORE METHOD: Setup Driver and Implicit Wait.....
[INFO ] 2022-10-22 00:04:42.405 [TestNG-test=Parallel Tests 1-3] BaseTest - AFTER METHOD: Quit Driver and Destroy Driver Thread.....
[INFO ] 2022-10-22 00:04:42.521 [TestNG-test=Parallel Tests 1-3] BaseTest - BEFORE METHOD: Setup Driver and Implicit Wait.....
[INFO ] 2022-10-22 00:04:45.733 [TestNG-test=Parallel Tests 1-1] BaseTest - AFTER METHOD: Quit Driver and Destroy Driver Thread.....
[INFO ] 2022-10-22 00:04:47.874 [TestNG-test=Parallel Tests 1-3] BaseTest - AFTER METHOD: Quit Driver and Destroy Driver Thread.....
[INFO ] 2022-10-22 00:04:49.168 [TestNG-test=Parallel Tests 1-2] BaseTest - AFTER METHOD: Quit Driver and Destroy Driver Thread.....
[INFO ] 2022-10-22 00:04:49.829 [TestNG-test=Parallel Tests 2-1] BaseTest - BEFORE METHOD: Setup Driver and Implicit Wait.....
[INFO ] 2022-10-22 00:04:49.839 [TestNG-test=Parallel Tests 2-3] BaseTest - BEFORE METHOD: Setup Driver and Implicit Wait.....
[INFO ] 2022-10-22 00:04:49.846 [TestNG-test=Parallel Tests 2-2] BaseTest - BEFORE METHOD: Setup Driver and Implicit Wait.....
[INFO ] 2022-10-22 00:04:51.975 [TestNG-test=Parallel Tests 2-1] BaseTest - AFTER METHOD: Quit Driver and Destroy Driver Thread.....
[INFO ] 2022-10-22 00:04:52.132 [TestNG-test=Parallel Tests 2-1] BaseTest - BEFORE METHOD: Setup Driver and Implicit Wait.....
[INFO ] 2022-10-22 00:04:53.070 [TestNG-test=Parallel Tests 2-2] BaseTest - AFTER METHOD: Quit Driver and Destroy Driver Thread.....
[INFO ] 2022-10-22 00:04:53.179 [TestNG-test=Parallel Tests 2-2] BaseTest - BEFORE METHOD: Setup Driver and Implicit Wait.....
[INFO ] 2022-10-22 00:04:54.701 [TestNG-test=Parallel Tests 2-3] BaseTest - AFTER METHOD: Quit Driver and Destroy Driver Thread.....
[INFO ] 2022-10-22 00:04:54.809 [TestNG-test=Parallel Tests 2-3] BaseTest - BEFORE METHOD: Setup Driver and Implicit Wait.....
[INFO ] 2022-10-22 00:04:56.115 [TestNG-test=Parallel Tests 2-1] BaseTest - AFTER METHOD: Quit Driver and Destroy Driver Thread.....
[INFO ] 2022-10-22 00:04:56.222 [TestNG-test=Parallel Tests 2-1] BaseTest - BEFORE METHOD: Setup Driver and Implicit Wait.....
[INFO ] 2022-10-22 00:04:56.670 [TestNG-test=Parallel Tests 2-3] BaseTest - AFTER METHOD: Quit Driver and Destroy Driver Thread.....
[INFO ] 2022-10-22 00:04:56.802 [TestNG-test=Parallel Tests 2-3] BaseTest - BEFORE METHOD: Setup Driver and Implicit Wait.....
[INFO ] 2022-10-22 00:04:58.882 [TestNG-test=Parallel Tests 2-2] BaseTest - AFTER METHOD: Quit Driver and Destroy Driver Thread.....
[INFO ] 2022-10-22 00:04:59.052 [TestNG-test=Parallel Tests 2-2] BaseTest - BEFORE METHOD: Setup Driver and Implicit Wait.....
[INFO ] 2022-10-22 00:04:59.877 [TestNG-test=Parallel Tests 2-1] BaseTest - AFTER METHOD: Quit Driver and Destroy Driver Thread.....
[INFO ] 2022-10-22 00:05:00.008 [TestNG-test=Parallel Tests 2-1] BaseTest - BEFORE METHOD: Setup Driver and Implicit Wait.....
[INFO ] 2022-10-22 00:05:01.088 [TestNG-test=Parallel Tests 2-3] BaseTest - AFTER METHOD: Quit Driver and Destroy Driver Thread.....
[INFO ] 2022-10-22 00:05:01.225 [TestNG-test=Parallel Tests 2-3] BaseTest - BEFORE METHOD: Setup Driver and Implicit Wait.....
[INFO ] 2022-10-22 00:05:03.748 [TestNG-test=Parallel Tests 2-1] BaseTest - AFTER METHOD: Quit Driver and Destroy Driver Thread.....
[INFO ] 2022-10-22 00:05:04.786 [TestNG-test=Parallel Tests 2-2] BaseTest - AFTER METHOD: Quit Driver and Destroy Driver Thread.....
[INFO ] 2022-10-22 00:05:05.949 [TestNG-test=Parallel Tests 2-3] BaseTest - AFTER METHOD: Quit Driver and Destroy Driver Thread.....
[INFO ] 2022-10-22 00:05:07.603 [main] BaseTest - ********* Automation Execution Completed **********
[INFO ] 2022-10-22 00:16:50.753 [main] BaseTest - ********* Automation Execution Started **********
[INFO ] 2022-10-22 00:16:50.758 [main] BaseTest - BEFORE SUIT: Getting Data from Sheet and setting Keys.....
[INFO ] 2022-10-22 00:16:52.929 [TestNG-test=Parallel Tests-1] BaseTest - BEFORE METHOD: Setup Driver and Implicit Wait.....
[INFO ] 2022-10-22 00:16:52.929 [TestNG-test=Parallel Tests-2] BaseTest - BEFORE METHOD: Setup Driver and Implicit Wait.....
[INFO ] 2022-10-22 00:16:59.149 [TestNG-test=Parallel Tests-1] BaseTest - AFTER METHOD: Quit Driver and Destroy Driver Thread.....
[INFO ] 2022-10-22 00:16:59.342 [TestNG-test=Parallel Tests-1] BaseTest - BEFORE METHOD: Setup Driver and Implicit Wait.....
[INFO ] 2022-10-22 00:16:59.835 [TestNG-test=Parallel Tests-2] BaseTest - AFTER METHOD: Quit Driver and Destroy Driver Thread.....
[INFO ] 2022-10-22 00:17:00.006 [TestNG-test=Parallel Tests-2] BaseTest - BEFORE METHOD: Setup Driver and Implicit Wait.....
[INFO ] 2022-10-22 00:17:01.732 [TestNG-test=Parallel Tests-2] BaseTest - AFTER METHOD: Quit Driver and Destroy Driver Thread.....
[INFO ] 2022-10-22 00:17:01.853 [TestNG-test=Parallel Tests-2] BaseTest - BEFORE METHOD: Setup Driver and Implicit Wait.....
[INFO ] 2022-10-22 00:17:04.155 [TestNG-test=Parallel Tests-2] BaseTest - AFTER METHOD: Quit Driver and Destroy Driver Thread.....
[INFO ] 2022-10-22 00:17:04.267 [TestNG-test=Parallel Tests-2] BaseTest - BEFORE METHOD: Setup Driver and Implicit Wait.....
[INFO ] 2022-10-22 00:17:05.601 [TestNG-test=Parallel Tests-1] BaseTest - AFTER METHOD: Quit Driver and Destroy Driver Thread.....
[INFO ] 2022-10-22 00:17:05.764 [TestNG-test=Parallel Tests-1] BaseTest - BEFORE METHOD: Setup Driver and Implicit Wait.....
[INFO ] 2022-10-22 00:17:07.725 [TestNG-test=Parallel Tests-2] BaseTest - AFTER METHOD: Quit Driver and Destroy Driver Thread.....
[INFO ] 2022-10-22 00:17:09.926 [TestNG-test=Parallel Tests-1] BaseTest - AFTER METHOD: Quit Driver and Destroy Driver Thread.....
[INFO ] 2022-10-22 00:17:10.524 [main] BaseTest - ********* Automation Execution Completed **********
[INFO ] 2022-10-22 00:17:11.181 [main] BaseTest - ********* Automation Execution Started **********
[INFO ] 2022-10-22 00:17:11.181 [main] BaseTest - BEFORE SUIT: Getting Data from Sheet and setting Keys.....
[INFO ] 2022-10-22 00:17:11.858 [TestNG-test=Parallel Tests 1-1] BaseTest - BEFORE METHOD: Setup Driver and Implicit Wait.....
[INFO ] 2022-10-22 00:17:11.859 [TestNG-test=Parallel Tests 1-3] BaseTest - BEFORE METHOD: Setup Driver and Implicit Wait.....
[INFO ] 2022-10-22 00:17:11.859 [TestNG-test=Parallel Tests 1-2] BaseTest - BEFORE METHOD: Setup Driver and Implicit Wait.....
[INFO ] 2022-10-22 00:17:14.288 [TestNG-test=Parallel Tests 1-1] BaseTest - AFTER METHOD: Quit Driver and Destroy Driver Thread.....
[INFO ] 2022-10-22 00:17:14.397 [TestNG-test=Parallel Tests 1-1] BaseTest - BEFORE METHOD: Setup Driver and Implicit Wait.....
[INFO ] 2022-10-22 00:17:16.248 [TestNG-test=Parallel Tests 1-3] BaseTest - AFTER METHOD: Quit Driver and Destroy Driver Thread.....
[INFO ] 2022-10-22 00:17:16.359 [TestNG-test=Parallel Tests 1-3] BaseTest - BEFORE METHOD: Setup Driver and Implicit Wait.....
[INFO ] 2022-10-22 00:17:16.633 [TestNG-test=Parallel Tests 1-2] BaseTest - AFTER METHOD: Quit Driver and Destroy Driver Thread.....
[INFO ] 2022-10-22 00:17:16.824 [TestNG-test=Parallel Tests 1-2] BaseTest - BEFORE METHOD: Setup Driver and Implicit Wait.....
[INFO ] 2022-10-22 00:17:18.459 [TestNG-test=Parallel Tests 1-1] BaseTest - AFTER METHOD: Quit Driver and Destroy Driver Thread.....
[INFO ] 2022-10-22 00:17:18.581 [TestNG-test=Parallel Tests 1-2] BaseTest - AFTER METHOD: Quit Driver and Destroy Driver Thread.....
[INFO ] 2022-10-22 00:17:18.582 [TestNG-test=Parallel Tests 1-1] BaseTest - BEFORE METHOD: Setup Driver and Implicit Wait.....
[INFO ] 2022-10-22 00:17:18.689 [TestNG-test=Parallel Tests 1-2] BaseTest - BEFORE METHOD: Setup Driver and Implicit Wait.....
[INFO ] 2022-10-22 00:17:22.586 [TestNG-test=Parallel Tests 1-3] BaseTest - AFTER METHOD: Quit Driver and Destroy Driver Thread.....
[INFO ] 2022-10-22 00:17:22.727 [TestNG-test=Parallel Tests 1-3] BaseTest - BEFORE METHOD: Setup Driver and Implicit Wait.....
[INFO ] 2022-10-22 00:17:23.192 [TestNG-test=Parallel Tests 1-2] BaseTest - AFTER METHOD: Quit Driver and Destroy Driver Thread.....
[INFO ] 2022-10-22 00:17:23.343 [TestNG-test=Parallel Tests 1-2] BaseTest - BEFORE METHOD: Setup Driver and Implicit Wait.....
[INFO ] 2022-10-22 00:17:23.534 [TestNG-test=Parallel Tests 1-1] BaseTest - AFTER METHOD: Quit Driver and Destroy Driver Thread.....
[INFO ] 2022-10-22 00:17:23.742 [TestNG-test=Parallel Tests 1-1] BaseTest - BEFORE METHOD: Setup Driver and Implicit Wait.....
[INFO ] 2022-10-22 00:17:27.703 [TestNG-test=Parallel Tests 1-2] BaseTest - AFTER METHOD: Quit Driver and Destroy Driver Thread.....
[INFO ] 2022-10-22 00:17:29.084 [TestNG-test=Parallel Tests 1-3] BaseTest - AFTER METHOD: Quit Driver and Destroy Driver Thread.....
[INFO ] 2022-10-22 00:17:29.234 [TestNG-test=Parallel Tests 1-1] BaseTest - AFTER METHOD: Quit Driver and Destroy Driver Thread.....
[INFO ] 2022-10-22 00:17:29.439 [TestNG-test=Parallel Tests 2-3] BaseTest - BEFORE METHOD: Setup Driver and Implicit Wait.....
[INFO ] 2022-10-22 00:17:29.439 [TestNG-test=Parallel Tests 2-1] BaseTest - BEFORE METHOD: Setup Driver and Implicit Wait.....
[INFO ] 2022-10-22 00:17:29.439 [TestNG-test=Parallel Tests 2-2] BaseTest - BEFORE METHOD: Setup Driver and Implicit Wait.....
[INFO ] 2022-10-22 00:17:31.607 [TestNG-test=Parallel Tests 2-1] BaseTest - AFTER METHOD: Quit Driver and Destroy Driver Thread.....
[INFO ] 2022-10-22 00:17:31.724 [TestNG-test=Parallel Tests 2-1] BaseTest - BEFORE METHOD: Setup Driver and Implicit Wait.....
[INFO ] 2022-10-22 00:17:32.826 [TestNG-test=Parallel Tests 2-2] BaseTest - AFTER METHOD: Quit Driver and Destroy Driver Thread.....
[INFO ] 2022-10-22 00:17:32.933 [TestNG-test=Parallel Tests 2-2] BaseTest - BEFORE METHOD: Setup Driver and Implicit Wait.....
[INFO ] 2022-10-22 00:17:33.627 [TestNG-test=Parallel Tests 2-3] BaseTest - AFTER METHOD: Quit Driver and Destroy Driver Thread.....
[INFO ] 2022-10-22 00:17:33.733 [TestNG-test=Parallel Tests 2-3] BaseTest - BEFORE METHOD: Setup Driver and Implicit Wait.....
[INFO ] 2022-10-22 00:17:35.210 [TestNG-test=Parallel Tests 2-3] BaseTest - AFTER METHOD: Quit Driver and Destroy Driver Thread.....
[INFO ] 2022-10-22 00:17:35.333 [TestNG-test=Parallel Tests 2-3] BaseTest - BEFORE METHOD: Setup Driver and Implicit Wait.....
[INFO ] 2022-10-22 00:17:35.637 [TestNG-test=Parallel Tests 2-1] BaseTest - AFTER METHOD: Quit Driver and Destroy Driver Thread.....
[INFO ] 2022-10-22 00:17:35.748 [TestNG-test=Parallel Tests 2-1] BaseTest - BEFORE METHOD: Setup Driver and Implicit Wait.....
[INFO ] 2022-10-22 00:17:38.795 [TestNG-test=Parallel Tests 2-3] BaseTest - AFTER METHOD: Quit Driver and Destroy Driver Thread.....
[INFO ] 2022-10-22 00:17:38.902 [TestNG-test=Parallel Tests 2-3] BaseTest - BEFORE METHOD: Setup Driver and Implicit Wait.....
[INFO ] 2022-10-22 00:17:39.167 [TestNG-test=Parallel Tests 2-2] BaseTest - AFTER METHOD: Quit Driver and Destroy Driver Thread.....
[INFO ] 2022-10-22 00:17:39.294 [TestNG-test=Parallel Tests 2-2] BaseTest - BEFORE METHOD: Setup Driver and Implicit Wait.....
[INFO ] 2022-10-22 00:17:40.012 [TestNG-test=Parallel Tests 2-1] BaseTest - AFTER METHOD: Quit Driver and Destroy Driver Thread.....
[INFO ] 2022-10-22 00:17:40.134 [TestNG-test=Parallel Tests 2-1] BaseTest - BEFORE METHOD: Setup Driver and Implicit Wait.....
[INFO ] 2022-10-22 00:17:43.694 [TestNG-test=Parallel Tests 2-2] BaseTest - AFTER METHOD: Quit Driver and Destroy Driver Thread.....
[INFO ] 2022-10-22 00:17:44.411 [TestNG-test=Parallel Tests 2-3] BaseTest - AFTER METHOD: Quit Driver and Destroy Driver Thread.....
[INFO ] 2022-10-22 00:17:45.182 [TestNG-test=Parallel Tests 2-1] BaseTest - AFTER METHOD: Quit Driver and Destroy Driver Thread.....
[INFO ] 2022-10-22 00:17:45.353 [main] BaseTest - ********* Automation Execution Completed **********
[INFO ] 2022-10-22 00:20:34.262 [main] BaseTest - ********* Automation Execution Started **********
[INFO ] 2022-10-22 00:20:34.267 [main] BaseTest - BEFORE SUIT: Getting Data from Sheet and setting Keys.....
[INFO ] 2022-10-22 00:20:35.991 [TestNG-test=Parallel Tests-2] BaseTest - BEFORE METHOD: Setup Driver and Implicit Wait.....
[INFO ] 2022-10-22 00:20:35.991 [TestNG-test=Parallel Tests-1] BaseTest - BEFORE METHOD: Setup Driver and Implicit Wait.....
[INFO ] 2022-10-22 00:20:42.916 [TestNG-test=Parallel Tests-1] BaseTest - AFTER METHOD: Quit Driver and Destroy Driver Thread.....
[INFO ] 2022-10-22 00:20:43.036 [TestNG-test=Parallel Tests-1] BaseTest - BEFORE METHOD: Setup Driver and Implicit Wait.....
[INFO ] 2022-10-22 00:20:43.895 [TestNG-test=Parallel Tests-2] BaseTest - AFTER METHOD: Quit Driver and Destroy Driver Thread.....
[INFO ] 2022-10-22 00:20:44.009 [TestNG-test=Parallel Tests-2] BaseTest - BEFORE METHOD: Setup Driver and Implicit Wait.....
[INFO ] 2022-10-22 00:20:46.115 [TestNG-test=Parallel Tests-2] BaseTest - AFTER METHOD: Quit Driver and Destroy Driver Thread.....
[INFO ] 2022-10-22 00:20:46.227 [TestNG-test=Parallel Tests-2] BaseTest - BEFORE METHOD: Setup Driver and Implicit Wait.....
[INFO ] 2022-10-22 00:20:48.665 [TestNG-test=Parallel Tests-2] BaseTest - AFTER METHOD: Quit Driver and Destroy Driver Thread.....
[INFO ] 2022-10-22 00:20:48.825 [TestNG-test=Parallel Tests-2] BaseTest - BEFORE METHOD: Setup Driver and Implicit Wait.....
[INFO ] 2022-10-22 00:20:49.502 [TestNG-test=Parallel Tests-1] BaseTest - AFTER METHOD: Quit Driver and Destroy Driver Thread.....
[INFO ] 2022-10-22 00:20:49.660 [TestNG-test=Parallel Tests-1] BaseTest - BEFORE METHOD: Setup Driver and Implicit Wait.....
[INFO ] 2022-10-22 00:20:51.844 [TestNG-test=Parallel Tests-2] BaseTest - AFTER METHOD: Quit Driver and Destroy Driver Thread.....
[INFO ] 2022-10-22 00:20:52.943 [TestNG-test=Parallel Tests-1] BaseTest - AFTER METHOD: Quit Driver and Destroy Driver Thread.....
[INFO ] 2022-10-22 00:20:53.049 [main] BaseTest - ********* Automation Execution Completed **********
[INFO ] 2022-10-22 00:20:53.592 [main] BaseTest - ********* Automation Execution Started **********
[INFO ] 2022-10-22 00:20:53.593 [main] BaseTest - BEFORE SUIT: Getting Data from Sheet and setting Keys.....
[INFO ] 2022-10-22 00:20:54.220 [TestNG-test=Parallel Tests 1-1] BaseTest - BEFORE METHOD: Setup Driver and Implicit Wait.....
[INFO ] 2022-10-22 00:20:54.226 [TestNG-test=Parallel Tests 1-2] BaseTest - BEFORE METHOD: Setup Driver and Implicit Wait.....
[INFO ] 2022-10-22 00:20:54.228 [TestNG-test=Parallel Tests 1-3] BaseTest - BEFORE METHOD: Setup Driver and Implicit Wait.....
[INFO ] 2022-10-22 00:20:56.601 [TestNG-test=Parallel Tests 1-1] BaseTest - AFTER METHOD: Quit Driver and Destroy Driver Thread.....
[INFO ] 2022-10-22 00:20:56.713 [TestNG-test=Parallel Tests 1-1] BaseTest - BEFORE METHOD: Setup Driver and Implicit Wait.....
[INFO ] 2022-10-22 00:20:58.189 [TestNG-test=Parallel Tests 1-2] BaseTest - AFTER METHOD: Quit Driver and Destroy Driver Thread.....
[INFO ] 2022-10-22 00:20:58.318 [TestNG-test=Parallel Tests 1-2] BaseTest - BEFORE METHOD: Setup Driver and Implicit Wait.....
[INFO ] 2022-10-22 00:20:58.388 [TestNG-test=Parallel Tests 1-3] BaseTest - AFTER METHOD: Quit Driver and Destroy Driver Thread.....
[INFO ] 2022-10-22 00:20:58.495 [TestNG-test=Parallel Tests 1-3] BaseTest - BEFORE METHOD: Setup Driver and Implicit Wait.....
[INFO ] 2022-10-22 00:21:00.229 [TestNG-test=Parallel Tests 1-3] BaseTest - AFTER METHOD: Quit Driver and Destroy Driver Thread.....
[INFO ] 2022-10-22 00:21:00.354 [TestNG-test=Parallel Tests 1-3] BaseTest - BEFORE METHOD: Setup Driver and Implicit Wait.....
[INFO ] 2022-10-22 00:21:01.360 [TestNG-test=Parallel Tests 1-1] BaseTest - AFTER METHOD: Quit Driver and Destroy Driver Thread.....
[INFO ] 2022-10-22 00:21:01.468 [TestNG-test=Parallel Tests 1-1] BaseTest - BEFORE METHOD: Setup Driver and Implicit Wait.....
[INFO ] 2022-10-22 00:21:03.307 [TestNG-test=Parallel Tests 1-3] BaseTest - AFTER METHOD: Quit Driver and Destroy Driver Thread.....
[INFO ] 2022-10-22 00:21:03.417 [TestNG-test=Parallel Tests 1-3] BaseTest - BEFORE METHOD: Setup Driver and Implicit Wait.....
[INFO ] 2022-10-22 00:21:04.534 [TestNG-test=Parallel Tests 1-2] BaseTest - AFTER METHOD: Quit Driver and Destroy Driver Thread.....
[INFO ] 2022-10-22 00:21:04.692 [TestNG-test=Parallel Tests 1-2] BaseTest - BEFORE METHOD: Setup Driver and Implicit Wait.....
[INFO ] 2022-10-22 00:21:05.838 [TestNG-test=Parallel Tests 1-1] BaseTest - AFTER METHOD: Quit Driver and Destroy Driver Thread.....
[INFO ] 2022-10-22 00:21:05.948 [TestNG-test=Parallel Tests 1-1] BaseTest - BEFORE METHOD: Setup Driver and Implicit Wait.....
[INFO ] 2022-10-22 00:21:08.679 [TestNG-test=Parallel Tests 1-2] BaseTest - AFTER METHOD: Quit Driver and Destroy Driver Thread.....
[INFO ] 2022-10-22 00:21:09.737 [TestNG-test=Parallel Tests 1-3] BaseTest - AFTER METHOD: Quit Driver and Destroy Driver Thread.....
[INFO ] 2022-10-22 00:21:10.966 [TestNG-test=Parallel Tests 1-1] BaseTest - AFTER METHOD: Quit Driver and Destroy Driver Thread.....
[INFO ] 2022-10-22 00:21:11.077 [main] BaseTest - ********* Automation Execution Completed **********
[INFO ] 2022-10-22 00:21:11.944 [TestNG-test=Parallel Tests 2-1] BaseTest - BEFORE METHOD: Setup Driver and Implicit Wait.....
[INFO ] 2022-10-22 00:21:11.951 [TestNG-test=Parallel Tests 2-2] BaseTest - BEFORE METHOD: Setup Driver and Implicit Wait.....
[INFO ] 2022-10-22 00:21:11.952 [TestNG-test=Parallel Tests 2-3] BaseTest - BEFORE METHOD: Setup Driver and Implicit Wait.....
[INFO ] 2022-10-22 00:21:14.451 [TestNG-test=Parallel Tests 2-1] BaseTest - AFTER METHOD: Quit Driver and Destroy Driver Thread.....
[INFO ] 2022-10-22 00:21:14.561 [TestNG-test=Parallel Tests 2-1] BaseTest - BEFORE METHOD: Setup Driver and Implicit Wait.....
[INFO ] 2022-10-22 00:21:16.266 [TestNG-test=Parallel Tests 2-2] BaseTest - AFTER METHOD: Quit Driver and Destroy Driver Thread.....
[INFO ] 2022-10-22 00:21:16.371 [TestNG-test=Parallel Tests 2-2] BaseTest - BEFORE METHOD: Setup Driver and Implicit Wait.....
[INFO ] 2022-10-22 00:21:16.405 [TestNG-test=Parallel Tests 2-3] BaseTest - AFTER METHOD: Quit Driver and Destroy Driver Thread.....
[INFO ] 2022-10-22 00:21:16.512 [TestNG-test=Parallel Tests 2-3] BaseTest - BEFORE METHOD: Setup Driver and Implicit Wait.....
[INFO ] 2022-10-22 00:21:18.338 [TestNG-test=Parallel Tests 2-3] BaseTest - AFTER METHOD: Quit Driver and Destroy Driver Thread.....
[INFO ] 2022-10-22 00:21:18.450 [TestNG-test=Parallel Tests 2-3] BaseTest - BEFORE METHOD: Setup Driver and Implicit Wait.....
[INFO ] 2022-10-22 00:21:19.149 [TestNG-test=Parallel Tests 2-1] BaseTest - AFTER METHOD: Quit Driver and Destroy Driver Thread.....
[INFO ] 2022-10-22 00:21:19.321 [TestNG-test=Parallel Tests 2-1] BaseTest - BEFORE METHOD: Setup Driver and Implicit Wait.....
[INFO ] 2022-10-22 00:21:23.045 [TestNG-test=Parallel Tests 2-3] BaseTest - AFTER METHOD: Quit Driver and Destroy Driver Thread.....
[INFO ] 2022-10-22 00:21:23.209 [TestNG-test=Parallel Tests 2-3] BaseTest - BEFORE METHOD: Setup Driver and Implicit Wait.....
[INFO ] 2022-10-22 00:21:24.284 [TestNG-test=Parallel Tests 2-2] BaseTest - AFTER METHOD: Quit Driver and Destroy Driver Thread.....
[INFO ] 2022-10-22 00:21:24.417 [TestNG-test=Parallel Tests 2-2] BaseTest - BEFORE METHOD: Setup Driver and Implicit Wait.....
[INFO ] 2022-10-22 00:21:27.905 [TestNG-test=Parallel Tests 2-1] BaseTest - AFTER METHOD: Quit Driver and Destroy Driver Thread.....
[INFO ] 2022-10-22 00:21:28.014 [TestNG-test=Parallel Tests 2-1] BaseTest - BEFORE METHOD: Setup Driver and Implicit Wait.....
[INFO ] 2022-10-22 00:21:28.596 [TestNG-test=Parallel Tests 2-2] BaseTest - AFTER METHOD: Quit Driver and Destroy Driver Thread.....
[INFO ] 2022-10-22 00:21:29.917 [TestNG-test=Parallel Tests 2-3] BaseTest - AFTER METHOD: Quit Driver and Destroy Driver Thread.....
[INFO ] 2022-10-22 00:21:32.726 [TestNG-test=Parallel Tests 2-1] BaseTest - AFTER METHOD: Quit Driver and Destroy Driver Thread.....
[INFO ] 2022-10-22 00:21:32.856 [main] BaseTest - ********* Automation Execution Completed **********
[INFO ] 2022-10-22 01:26:37.158 [main] BaseTest - ********* Automation Execution Started **********
[INFO ] 2022-10-22 01:26:37.166 [main] BaseTest - BEFORE SUIT: Getting Data from Sheet and setting Keys.....
[INFO ] 2022-10-22 01:26:39.628 [TestNG-test=Parallel Tests-2] BaseTest - BEFORE METHOD: Setup Driver and Implicit Wait.....
[INFO ] 2022-10-22 01:26:39.628 [TestNG-test=Parallel Tests-1] BaseTest - BEFORE METHOD: Setup Driver and Implicit Wait.....
[INFO ] 2022-10-22 01:26:46.530 [TestNG-test=Parallel Tests-2] BaseTest - BEFORE METHOD: Setup Driver and Implicit Wait.....
[INFO ] 2022-10-22 01:26:46.530 [TestNG-test=Parallel Tests-1] BaseTest - BEFORE METHOD: Setup Driver and Implicit Wait.....
[INFO ] 2022-10-22 01:26:50.453 [TestNG-test=Parallel Tests-1] BaseTest - BEFORE METHOD: Setup Driver and Implicit Wait.....
[INFO ] 2022-10-22 01:26:50.455 [TestNG-test=Parallel Tests-2] BaseTest - BEFORE METHOD: Setup Driver and Implicit Wait.....
[INFO ] 2022-10-22 01:26:55.659 [TestNG-test=Parallel Tests-2] BaseTest - BEFORE METHOD: Setup Driver and Implicit Wait.....
[INFO ] 2022-10-22 01:27:00.922 [TestNG-test=Parallel Tests-1] BaseTest - BEFORE METHOD: Setup Driver and Implicit Wait.....
[INFO ] 2022-10-22 01:27:00.923 [TestNG-test=Parallel Tests-2] BaseTest - BEFORE METHOD: Setup Driver and Implicit Wait.....
[INFO ] 2022-10-22 01:27:03.156 [TestNG-test=Parallel Tests-1] BaseTest - BEFORE METHOD: Setup Driver and Implicit Wait.....
[INFO ] 2022-10-22 01:27:04.966 [TestNG-test=Parallel Tests-2] BaseTest - BEFORE METHOD: Setup Driver and Implicit Wait.....
[INFO ] 2022-10-22 01:27:09.201 [TestNG-test=Parallel Tests-2] BaseTest - BEFORE METHOD: Setup Driver and Implicit Wait.....
[INFO ] 2022-10-22 01:27:09.201 [TestNG-test=Parallel Tests-1] BaseTest - BEFORE METHOD: Setup Driver and Implicit Wait.....
[INFO ] 2022-10-22 01:27:11.411 [TestNG-test=Parallel Tests-1] BaseTest - BEFORE METHOD: Setup Driver and Implicit Wait.....
[INFO ] 2022-10-22 01:27:13.223 [TestNG-test=Parallel Tests-2] BaseTest - BEFORE METHOD: Setup Driver and Implicit Wait.....
[INFO ] 2022-10-22 01:27:17.428 [TestNG-test=Parallel Tests-1] BaseTest - BEFORE METHOD: Setup Driver and Implicit Wait.....
[INFO ] 2022-10-22 01:27:17.429 [TestNG-test=Parallel Tests-2] BaseTest - BEFORE METHOD: Setup Driver and Implicit Wait.....
[INFO ] 2022-10-22 01:27:20.051 [TestNG-test=Parallel Tests-1] BaseTest - BEFORE METHOD: Setup Driver and Implicit Wait.....
[INFO ] 2022-10-22 01:27:20.830 [TestNG-test=Parallel Tests-2] BaseTest - BEFORE METHOD: Setup Driver and Implicit Wait.....
[INFO ] 2022-10-22 01:27:25.264 [main] BaseTest - ********* Automation Execution Completed **********
[INFO ] 2022-10-22 01:27:26.003 [main] BaseTest - AFTER METHOD: Quit Driver and Destroy Driver Thread.....
[INFO ] 2022-10-22 01:27:26.004 [main] BaseTest - ********* Automation Execution Started **********
[INFO ] 2022-10-22 01:27:26.004 [main] BaseTest - BEFORE SUIT: Getting Data from Sheet and setting Keys.....
[INFO ] 2022-10-22 01:27:26.443 [TestNG-test=Parallel Tests 1-1] BaseTest - BEFORE METHOD: Setup Driver and Implicit Wait.....
[INFO ] 2022-10-22 01:27:26.443 [TestNG-test=Parallel Tests 1-2] BaseTest - BEFORE METHOD: Setup Driver and Implicit Wait.....
[INFO ] 2022-10-22 01:27:26.444 [TestNG-test=Parallel Tests 1-3] BaseTest - BEFORE METHOD: Setup Driver and Implicit Wait.....
[INFO ] 2022-10-22 01:27:29.316 [TestNG-test=Parallel Tests 1-3] BaseTest - BEFORE METHOD: Setup Driver and Implicit Wait.....
[INFO ] 2022-10-22 01:27:30.545 [TestNG-test=Parallel Tests 1-1] BaseTest - BEFORE METHOD: Setup Driver and Implicit Wait.....
[INFO ] 2022-10-22 01:27:31.933 [TestNG-test=Parallel Tests 1-2] BaseTest - BEFORE METHOD: Setup Driver and Implicit Wait.....
[INFO ] 2022-10-22 01:27:37.290 [main] BaseTest - ********* Automation Execution Completed **********
[INFO ] 2022-10-22 01:27:37.380 [main] BaseTest - ********* Automation Execution Started **********
[INFO ] 2022-10-22 01:27:37.380 [main] BaseTest - BEFORE SUIT: Getting Data from Sheet and setting Keys.....
[INFO ] 2022-10-22 01:27:37.924 [TestNG-test=Parallel Tests 2-1] BaseTest - BEFORE METHOD: Setup Driver and Implicit Wait.....
[INFO ] 2022-10-22 01:27:37.925 [TestNG-test=Parallel Tests 2-2] BaseTest - BEFORE METHOD: Setup Driver and Implicit Wait.....
[INFO ] 2022-10-22 01:27:37.926 [TestNG-test=Parallel Tests 2-3] BaseTest - BEFORE METHOD: Setup Driver and Implicit Wait.....
[INFO ] 2022-10-22 01:27:41.082 [TestNG-test=Parallel Tests 2-3] BaseTest - BEFORE METHOD: Setup Driver and Implicit Wait.....
[INFO ] 2022-10-22 01:27:41.932 [TestNG-test=Parallel Tests 2-1] BaseTest - BEFORE METHOD: Setup Driver and Implicit Wait.....
[INFO ] 2022-10-22 01:27:42.985 [TestNG-test=Parallel Tests 2-2] BaseTest - BEFORE METHOD: Setup Driver and Implicit Wait.....
[INFO ] 2022-10-22 01:27:48.635 [main] BaseTest - ********* Automation Execution Completed **********
[INFO ] 2022-10-22 01:27:48.713 [main] BaseTest - ********* Automation Execution Started **********
[INFO ] 2022-10-22 01:27:48.714 [main] BaseTest - BEFORE SUIT: Getting Data from Sheet and setting Keys.....
[INFO ] 2022-10-22 01:27:49.242 [TestNG-test=Pkg EG.-1] BaseTest - BEFORE METHOD: Setup Driver and Implicit Wait.....
[INFO ] 2022-10-22 01:27:49.244 [TestNG-test=Pkg EG.-2] BaseTest - BEFORE METHOD: Setup Driver and Implicit Wait.....
[INFO ] 2022-10-22 01:27:49.245 [TestNG-test=Pkg EG.-3] BaseTest - BEFORE METHOD: Setup Driver and Implicit Wait.....
[INFO ] 2022-10-22 01:27:52.910 [TestNG-test=Pkg EG.-1] BaseTest - BEFORE METHOD: Setup Driver and Implicit Wait.....
[INFO ] 2022-10-22 01:27:54.376 [TestNG-test=Pkg EG.-2] BaseTest - BEFORE METHOD: Setup Driver and Implicit Wait.....
[INFO ] 2022-10-22 01:27:55.667 [TestNG-test=Pkg EG.-1] BaseTest - BEFORE METHOD: Setup Driver and Implicit Wait.....
[INFO ] 2022-10-22 01:27:59.285 [TestNG-test=Pkg EG.-3] BaseTest - BEFORE METHOD: Setup Driver and Implicit Wait.....
[INFO ] 2022-10-22 01:28:04.328 [main] BaseTest - ********* Automation Execution Completed **********
[INFO ] 2022-10-22 01:28:04.412 [main] BaseTest - AFTER METHOD: Quit Driver and Destroy Driver Thread.....
[INFO ] 2022-10-22 01:28:27.336 [main] BaseTest - ********* Automation Execution Started **********
[INFO ] 2022-10-22 01:28:27.357 [main] BaseTest - BEFORE SUIT: Getting Data from Sheet and setting Keys.....
[INFO ] 2022-10-22 01:28:28.686 [TestNG-test=Parallel Tests 1-1] BaseTest - BEFORE METHOD: Setup Driver and Implicit Wait.....
[INFO ] 2022-10-22 01:28:28.686 [TestNG-test=Parallel Tests 1-3] BaseTest - BEFORE METHOD: Setup Driver and Implicit Wait.....
[INFO ] 2022-10-22 01:28:28.686 [TestNG-test=Parallel Tests 1-2] BaseTest - BEFORE METHOD: Setup Driver and Implicit Wait.....
[INFO ] 2022-10-22 01:28:32.677 [TestNG-test=Parallel Tests 1-3] BaseTest - BEFORE METHOD: Setup Driver and Implicit Wait.....
[INFO ] 2022-10-22 01:28:34.826 [TestNG-test=Parallel Tests 1-2] BaseTest - BEFORE METHOD: Setup Driver and Implicit Wait.....
[INFO ] 2022-10-22 01:28:35.027 [TestNG-test=Parallel Tests 1-1] BaseTest - BEFORE METHOD: Setup Driver and Implicit Wait.....
[INFO ] 2022-10-22 01:28:39.301 [main] BaseTest - ********* Automation Execution Completed **********
[INFO ] 2022-10-22 01:28:39.879 [main] BaseTest - ********* Automation Execution Started **********
[INFO ] 2022-10-22 01:28:39.879 [main] BaseTest - BEFORE SUIT: Getting Data from Sheet and setting Keys.....
[INFO ] 2022-10-22 01:28:40.448 [TestNG-test=Parallel Tests 2-1] BaseTest - BEFORE METHOD: Setup Driver and Implicit Wait.....
[INFO ] 2022-10-22 01:28:40.448 [TestNG-test=Parallel Tests 2-2] BaseTest - BEFORE METHOD: Setup Driver and Implicit Wait.....
[INFO ] 2022-10-22 01:28:40.448 [TestNG-test=Parallel Tests 2-3] BaseTest - BEFORE METHOD: Setup Driver and Implicit Wait.....
[INFO ] 2022-10-22 01:28:42.919 [TestNG-test=Parallel Tests 2-3] BaseTest - BEFORE METHOD: Setup Driver and Implicit Wait.....
[INFO ] 2022-10-22 01:28:44.145 [TestNG-test=Parallel Tests 2-1] BaseTest - BEFORE METHOD: Setup Driver and Implicit Wait.....
[INFO ] 2022-10-22 01:28:45.196 [TestNG-test=Parallel Tests 2-2] BaseTest - BEFORE METHOD: Setup Driver and Implicit Wait.....
[INFO ] 2022-10-22 01:28:49.679 [main] BaseTest - ********* Automation Execution Completed **********
[INFO ] 2022-10-22 01:28:49.744 [main] BaseTest - ********* Automation Execution Started **********
[INFO ] 2022-10-22 01:28:49.744 [main] BaseTest - BEFORE SUIT: Getting Data from Sheet and setting Keys.....
[INFO ] 2022-10-22 01:28:50.273 [TestNG-test=Pkg EG.-2] BaseTest - BEFORE METHOD: Setup Driver and Implicit Wait.....
[INFO ] 2022-10-22 01:28:50.273 [TestNG-test=Pkg EG.-1] BaseTest - BEFORE METHOD: Setup Driver and Implicit Wait.....
[INFO ] 2022-10-22 01:28:50.273 [TestNG-test=Pkg EG.-3] BaseTest - BEFORE METHOD: Setup Driver and Implicit Wait.....
[INFO ] 2022-10-22 01:28:53.418 [TestNG-test=Pkg EG.-1] BaseTest - BEFORE METHOD: Setup Driver and Implicit Wait.....
[INFO ] 2022-10-22 01:28:54.947 [TestNG-test=Pkg EG.-2] BaseTest - BEFORE METHOD: Setup Driver and Implicit Wait.....
[INFO ] 2022-10-22 01:28:55.981 [TestNG-test=Pkg EG.-1] BaseTest - BEFORE METHOD: Setup Driver and Implicit Wait.....
[INFO ] 2022-10-22 01:28:58.912 [TestNG-test=Pkg EG.-2] BaseTest - BEFORE METHOD: Setup Driver and Implicit Wait.....
[INFO ] 2022-10-22 01:29:02.980 [main] BaseTest - ********* Automation Execution Completed **********
[INFO ] 2022-10-22 01:29:03.038 [main] BaseTest - AFTER METHOD: Quit Driver and Destroy Driver Thread.....
