[INFO ] 2022-11-29 15:05:13.783 [main] BaseTest - ********* Automation Execution Started **********
[INFO ] 2022-11-29 15:05:13.785 [main] BaseTest - BEFORE SUIT: Getting Data from Sheet and setting Keys.....
[INFO ] 2022-11-29 15:05:15.064 [TestNG-test=Parallel Tests-2] BaseTest - BEFORE METHOD: Setup Driver and Implicit Wait.....
[INFO ] 2022-11-29 15:05:15.075 [TestNG-test=Parallel Tests-1] BaseTest - BEFORE METHOD: Setup Driver and Implicit Wait.....
[INFO ] 2022-11-29 15:05:26.180 [TestNG-test=Parallel Tests-1] BaseTest - AFTER SUITE: Quit Driver and Destroy Driver Thread.....
[INFO ] 2022-11-29 15:05:26.287 [TestNG-test=Parallel Tests-1] BaseTest - BEFORE METHOD: Setup Driver and Implicit Wait.....
[INFO ] 2022-11-29 15:05:26.989 [TestNG-test=Parallel Tests-2] BaseTest - AFTER SUITE: Quit Driver and Destroy Driver Thread.....
[INFO ] 2022-11-29 15:05:28.963 [TestNG-test=Parallel Tests-1] BaseTest - AFTER SUITE: Quit Driver and Destroy Driver Thread.....
[INFO ] 2022-11-29 15:05:29.048 [TestNG-test=Parallel Tests-1] BaseTest - BEFORE METHOD: Setup Driver and Implicit Wait.....
[INFO ] 2022-11-29 15:05:30.797 [TestNG-test=Parallel Tests-1] BaseTest - AFTER SUITE: Quit Driver and Destroy Driver Thread.....
[INFO ] 2022-11-29 15:05:30.871 [main] BaseTest - ********* Automation Execution Completed **********
[INFO ] 2022-11-29 15:05:31.275 [main] BaseTest - ********* Automation Execution Started **********
[INFO ] 2022-11-29 15:05:31.275 [main] BaseTest - BEFORE SUIT: Getting Data from Sheet and setting Keys.....
[INFO ] 2022-11-29 15:05:31.782 [TestNG-test=Parallel Tests 1-1] BaseTest - BEFORE METHOD: Setup Driver and Implicit Wait.....
[INFO ] 2022-11-29 15:05:31.782 [TestNG-test=Parallel Tests 1-3] BaseTest - BEFORE METHOD: Setup Driver and Implicit Wait.....
[INFO ] 2022-11-29 15:05:31.790 [TestNG-test=Parallel Tests 1-2] BaseTest - BEFORE METHOD: Setup Driver and Implicit Wait.....
[INFO ] 2022-11-29 15:05:32.527 [TestNG-test=Parallel Tests 1-1] BaseTest - AFTER SUITE: Quit Driver and Destroy Driver Thread.....
[INFO ] 2022-11-29 15:05:32.621 [TestNG-test=Parallel Tests 1-1] BaseTest - BEFORE METHOD: Setup Driver and Implicit Wait.....
[INFO ] 2022-11-29 15:05:32.951 [TestNG-test=Parallel Tests 1-2] BaseTest - AFTER SUITE: Quit Driver and Destroy Driver Thread.....
[INFO ] 2022-11-29 15:05:33.090 [TestNG-test=Parallel Tests 1-2] BaseTest - BEFORE METHOD: Setup Driver and Implicit Wait.....
[INFO ] 2022-11-29 15:05:33.354 [TestNG-test=Parallel Tests 1-3] BaseTest - AFTER SUITE: Quit Driver and Destroy Driver Thread.....
[INFO ] 2022-11-29 15:05:33.436 [TestNG-test=Parallel Tests 1-3] BaseTest - BEFORE METHOD: Setup Driver and Implicit Wait.....
[INFO ] 2022-11-29 15:05:33.812 [TestNG-test=Parallel Tests 1-3] BaseTest - AFTER SUITE: Quit Driver and Destroy Driver Thread.....
[INFO ] 2022-11-29 15:05:33.909 [TestNG-test=Parallel Tests 1-3] BaseTest - BEFORE METHOD: Setup Driver and Implicit Wait.....
[INFO ] 2022-11-29 15:05:34.735 [TestNG-test=Parallel Tests 1-3] BaseTest - AFTER SUITE: Quit Driver and Destroy Driver Thread.....
[INFO ] 2022-11-29 15:05:34.860 [TestNG-test=Parallel Tests 1-3] BaseTest - BEFORE METHOD: Setup Driver and Implicit Wait.....
[INFO ] 2022-11-29 15:05:36.110 [TestNG-test=Parallel Tests 1-1] BaseTest - AFTER SUITE: Quit Driver and Destroy Driver Thread.....
[INFO ] 2022-11-29 15:05:36.163 [TestNG-test=Parallel Tests 1-2] BaseTest - AFTER SUITE: Quit Driver and Destroy Driver Thread.....
[INFO ] 2022-11-29 15:05:36.248 [TestNG-test=Parallel Tests 1-1] BaseTest - BEFORE METHOD: Setup Driver and Implicit Wait.....
[INFO ] 2022-11-29 15:05:36.277 [TestNG-test=Parallel Tests 1-3] BaseTest - AFTER SUITE: Quit Driver and Destroy Driver Thread.....
[INFO ] 2022-11-29 15:05:36.280 [TestNG-test=Parallel Tests 1-2] BaseTest - BEFORE METHOD: Setup Driver and Implicit Wait.....
[INFO ] 2022-11-29 15:05:36.392 [TestNG-test=Parallel Tests 1-3] BaseTest - BEFORE METHOD: Setup Driver and Implicit Wait.....
[INFO ] 2022-11-29 15:05:38.638 [TestNG-test=Parallel Tests 1-1] BaseTest - AFTER SUITE: Quit Driver and Destroy Driver Thread.....
[INFO ] 2022-11-29 15:05:38.933 [TestNG-test=Parallel Tests 1-2] BaseTest - AFTER SUITE: Quit Driver and Destroy Driver Thread.....
[INFO ] 2022-11-29 15:05:39.501 [TestNG-test=Parallel Tests 1-3] BaseTest - AFTER SUITE: Quit Driver and Destroy Driver Thread.....
[INFO ] 2022-11-29 15:05:39.606 [main] BaseTest - ********* Automation Execution Completed **********
[INFO ] 2022-11-29 15:05:39.650 [main] BaseTest - ********* Automation Execution Started **********
[INFO ] 2022-11-29 15:05:39.650 [main] BaseTest - BEFORE SUIT: Getting Data from Sheet and setting Keys.....
[INFO ] 2022-11-29 15:05:40.000 [TestNG-test=Parallel Tests 2-1] BaseTest - BEFORE METHOD: Setup Driver and Implicit Wait.....
[INFO ] 2022-11-29 15:05:40.000 [TestNG-test=Parallel Tests 2-2] BaseTest - BEFORE METHOD: Setup Driver and Implicit Wait.....
[INFO ] 2022-11-29 15:05:40.001 [TestNG-test=Parallel Tests 2-3] BaseTest - BEFORE METHOD: Setup Driver and Implicit Wait.....
[INFO ] 2022-11-29 15:05:40.600 [TestNG-test=Parallel Tests 2-1] BaseTest - AFTER SUITE: Quit Driver and Destroy Driver Thread.....
[INFO ] 2022-11-29 15:05:40.691 [TestNG-test=Parallel Tests 2-1] BaseTest - BEFORE METHOD: Setup Driver and Implicit Wait.....
[INFO ] 2022-11-29 15:05:40.933 [TestNG-test=Parallel Tests 2-2] BaseTest - AFTER SUITE: Quit Driver and Destroy Driver Thread.....
[INFO ] 2022-11-29 15:05:41.060 [TestNG-test=Parallel Tests 2-2] BaseTest - BEFORE METHOD: Setup Driver and Implicit Wait.....
[INFO ] 2022-11-29 15:05:41.504 [TestNG-test=Parallel Tests 2-3] BaseTest - AFTER SUITE: Quit Driver and Destroy Driver Thread.....
[INFO ] 2022-11-29 15:05:41.585 [TestNG-test=Parallel Tests 2-3] BaseTest - BEFORE METHOD: Setup Driver and Implicit Wait.....
[INFO ] 2022-11-29 15:05:41.969 [TestNG-test=Parallel Tests 2-3] BaseTest - AFTER SUITE: Quit Driver and Destroy Driver Thread.....
[INFO ] 2022-11-29 15:05:42.048 [TestNG-test=Parallel Tests 2-3] BaseTest - BEFORE METHOD: Setup Driver and Implicit Wait.....
[INFO ] 2022-11-29 15:05:42.917 [TestNG-test=Parallel Tests 2-3] BaseTest - AFTER SUITE: Quit Driver and Destroy Driver Thread.....
[INFO ] 2022-11-29 15:05:43.015 [TestNG-test=Parallel Tests 2-3] BaseTest - BEFORE METHOD: Setup Driver and Implicit Wait.....
[INFO ] 2022-11-29 15:05:43.217 [TestNG-test=Parallel Tests 2-1] BaseTest - AFTER SUITE: Quit Driver and Destroy Driver Thread.....
[INFO ] 2022-11-29 15:05:43.302 [TestNG-test=Parallel Tests 2-1] BaseTest - BEFORE METHOD: Setup Driver and Implicit Wait.....
[INFO ] 2022-11-29 15:05:44.171 [TestNG-test=Parallel Tests 2-2] BaseTest - AFTER SUITE: Quit Driver and Destroy Driver Thread.....
[INFO ] 2022-11-29 15:05:44.313 [TestNG-test=Parallel Tests 2-2] BaseTest - BEFORE METHOD: Setup Driver and Implicit Wait.....
[INFO ] 2022-11-29 15:05:44.373 [TestNG-test=Parallel Tests 2-3] BaseTest - AFTER SUITE: Quit Driver and Destroy Driver Thread.....
[INFO ] 2022-11-29 15:05:44.480 [TestNG-test=Parallel Tests 2-3] BaseTest - BEFORE METHOD: Setup Driver and Implicit Wait.....
[INFO ] 2022-11-29 15:05:46.513 [TestNG-test=Parallel Tests 2-1] BaseTest - AFTER SUITE: Quit Driver and Destroy Driver Thread.....
[INFO ] 2022-11-29 15:05:46.585 [TestNG-test=Parallel Tests 2-2] BaseTest - AFTER SUITE: Quit Driver and Destroy Driver Thread.....
[INFO ] 2022-11-29 15:05:46.668 [TestNG-test=Parallel Tests 2-3] BaseTest - AFTER SUITE: Quit Driver and Destroy Driver Thread.....
[INFO ] 2022-11-29 15:05:46.772 [main] BaseTest - ********* Automation Execution Completed **********
[INFO ] 2022-11-29 15:05:46.811 [main] BaseTest - ********* Automation Execution Started **********
[INFO ] 2022-11-29 15:05:46.811 [main] BaseTest - BEFORE SUIT: Getting Data from Sheet and setting Keys.....
[INFO ] 2022-11-29 15:05:47.149 [TestNG-test=Last One-1] BaseTest - BEFORE METHOD: Setup Driver and Implicit Wait.....
[INFO ] 2022-11-29 15:05:47.152 [TestNG-test=Last One-2] BaseTest - BEFORE METHOD: Setup Driver and Implicit Wait.....
[INFO ] 2022-11-29 15:05:47.159 [TestNG-test=Last One-3] BaseTest - BEFORE METHOD: Setup Driver and Implicit Wait.....
[INFO ] 2022-11-29 15:05:47.772 [TestNG-test=Last One-1] BaseTest - AFTER SUITE: Quit Driver and Destroy Driver Thread.....
[INFO ] 2022-11-29 15:05:47.887 [TestNG-test=Last One-1] BaseTest - BEFORE METHOD: Setup Driver and Implicit Wait.....
[INFO ] 2022-11-29 15:05:48.463 [TestNG-test=Last One-2] BaseTest - AFTER SUITE: Quit Driver and Destroy Driver Thread.....
[INFO ] 2022-11-29 15:05:48.544 [TestNG-test=Last One-2] BaseTest - BEFORE METHOD: Setup Driver and Implicit Wait.....
[INFO ] 2022-11-29 15:05:48.789 [TestNG-test=Last One-3] BaseTest - AFTER SUITE: Quit Driver and Destroy Driver Thread.....
[INFO ] 2022-11-29 15:05:48.893 [TestNG-test=Last One-3] BaseTest - BEFORE METHOD: Setup Driver and Implicit Wait.....
[INFO ] 2022-11-29 15:05:49.254 [TestNG-test=Last One-3] BaseTest - AFTER SUITE: Quit Driver and Destroy Driver Thread.....
[INFO ] 2022-11-29 15:05:49.367 [TestNG-test=Last One-3] BaseTest - BEFORE METHOD: Setup Driver and Implicit Wait.....
[INFO ] 2022-11-29 15:05:50.160 [TestNG-test=Last One-3] BaseTest - AFTER SUITE: Quit Driver and Destroy Driver Thread.....
[INFO ] 2022-11-29 15:05:50.277 [TestNG-test=Last One-3] BaseTest - BEFORE METHOD: Setup Driver and Implicit Wait.....
[INFO ] 2022-11-29 15:05:50.526 [TestNG-test=Last One-1] BaseTest - AFTER SUITE: Quit Driver and Destroy Driver Thread.....
[INFO ] 2022-11-29 15:05:50.601 [TestNG-test=Last One-1] BaseTest - BEFORE METHOD: Setup Driver and Implicit Wait.....
[INFO ] 2022-11-29 15:05:51.531 [TestNG-test=Last One-2] BaseTest - AFTER SUITE: Quit Driver and Destroy Driver Thread.....
[INFO ] 2022-11-29 15:05:51.646 [TestNG-test=Last One-2] BaseTest - BEFORE METHOD: Setup Driver and Implicit Wait.....
[INFO ] 2022-11-29 15:05:51.677 [TestNG-test=Last One-3] BaseTest - AFTER SUITE: Quit Driver and Destroy Driver Thread.....
[INFO ] 2022-11-29 15:05:51.786 [TestNG-test=Last One-3] BaseTest - BEFORE METHOD: Setup Driver and Implicit Wait.....
[INFO ] 2022-11-29 15:05:53.062 [TestNG-test=Last One-1] BaseTest - AFTER SUITE: Quit Driver and Destroy Driver Thread.....
[INFO ] 2022-11-29 15:05:53.970 [TestNG-test=Last One-2] BaseTest - AFTER SUITE: Quit Driver and Destroy Driver Thread.....
[INFO ] 2022-11-29 15:05:54.024 [TestNG-test=Last One-3] BaseTest - AFTER SUITE: Quit Driver and Destroy Driver Thread.....
[INFO ] 2022-11-29 15:05:54.130 [main] BaseTest - ********* Automation Execution Completed **********
